<?xml version="1.0" encoding="UTF-8"?>
<robot generator="Robot 5.0.1 (Python 3.9.13 on win32)" generated="20221007 15:00:43.419" rpa="true" schemaversion="3">
<suite id="s1" name="Tasks" source="c:\Users\kastaham\OneDrive - Tietoevry\Documents\Robocorp\Level 2 robot\tasks.robot">
<test id="s1-t1" name="Minimal task" line="41">
<kw name="Log" library="BuiltIn">
<arg>Done.</arg>
<doc>Logs the given message with the given level.</doc>
<msg timestamp="20221007 15:00:52.866" level="INFO">Done.</msg>
<status status="PASS" starttime="20221007 15:00:52.865" endtime="20221007 15:00:52.883"/>
</kw>
<status status="PASS" starttime="20221007 15:00:52.861" endtime="20221007 15:00:52.884"/>
</test>
<doc>Orders robots from RobotSpareBin Industries Inc.
Saves the order HTML receipt as a PDF file.
Saves the screenshot of the orderd robot.
Embeds the screenshot of the robot to the PDF receipt.
Creates ZIP archive of the receipts and the images.</doc>
<status status="PASS" starttime="20221007 15:00:43.435" endtime="20221007 15:00:52.887"/>
</suite>
<statistics>
<total>
<stat pass="1" fail="0" skip="0">All Tasks</stat>
</total>
<tag>
</tag>
<suite>
<stat pass="1" fail="0" skip="0" id="s1" name="Tasks">Tasks</stat>
</suite>
</statistics>
<errors>
</errors>
</robot>
